2025-01-23 16:40:14 - Batch execution of Solana Python scripts started.
2025-01-23 16:40:14 - Executing 1_val_pay_vals_from_localwallet.py...
Sent 1 SOL to ./val1-keypair.json. Transaction Signature: SendTransactionResp(Signature(4shojC3rsHtRRXNw6xed9fiAmNQ3rU2keU4i13yPivuA6oQNDR6LQgHT9S3S1V3ASEyLoFS6pon2bgm9vBfGXT5T))
Sent 1 SOL to ./val2-keypair.json. Transaction Signature: SendTransactionResp(Signature(3mNGq4EePHQW3pL9nYZayGBUYvWLZ7NCA7BnPahRK9tWHTuahDEQszWWdEX8AAztwtth6xxMwNcERbopBTzpVGVh))
Sent 1 SOL to ./val3-keypair.json. Transaction Signature: SendTransactionResp(Signature(2Rj1juVsRFmGM7aRN76Be6rPX89xBjY4iKTefNbgyZQR43zHrNGyhHUydfQqNkHN98kDammoERxbujD7zbq2WgqU))
Sent 1 SOL to ./val4-keypair.json. Transaction Signature: SendTransactionResp(Signature(2Hw5h7FMFSLof4QhLiR7hxbGcpg9yXpP5czR4akGVGTxdTpRJBi14bVzH1BQcs5rs1AUhA8Yn4aM7UYtFQDgNWqb))
Sent 1 SOL to ./val5-keypair.json. Transaction Signature: SendTransactionResp(Signature(2zgcNWGhVpyMCxzoGno56iA3nrNsfdjw4mpw8bgyTzuWYSDKjNXa5jxgwQVWLPQrjo9MiVuzSAYbZuyTuhbFReDx))
Sent 1 SOL to ./val6-keypair.json. Transaction Signature: SendTransactionResp(Signature(3GotxHANFdKhZYDWTQqQJy7qCYX5hTns55BEfsA7jwSwivyDGxy6L4qfLydrAZEuccDUe2FJE9Jf8mES3EPrvWjX))
2025-01-23 16:40:15 - 1_val_pay_vals_from_localwallet.py executed successfully.
2025-01-23 16:40:15 - Executing 2_scraper2.py...
Querying master server for TFC servers...
Request timed out
Number of unique TFC servers found: 87
Querying server: 172.83.159.2:27015
Querying server: 5.78.115.59:27015
Querying server: 54.188.146.29:27015
Querying server: 97.94.129.234:34531
Querying server: 54.153.40.112:27015
Querying server: 98.210.109.153:27015
Querying server: 192.169.85.163:27015
Querying server: 192.169.85.101:27015
Querying server: 66.33.9.184:27015
Querying server: 204.57.27.76:27015
Querying server: 76.195.132.49:25590
Querying server: 162.251.97.85:27040
Saved Rere.json in player_keys/
Saved BotTronics.json in player_keys/
Saved Jeep.json in player_keys/
Saved Dead_Cold.json in player_keys/
Saved TheUndying.json in player_keys/
Saved Devi0us.json in player_keys/
Saved satman2499.json in player_keys/
Saved oneredflag.json in player_keys/
Saved smokeyhermit.json in player_keys/
Saved mudbogger2.json in player_keys/
Saved Tis.json in player_keys/
Saved WornOutTire.json in player_keys/
Saved eecjr0914.json in player_keys/
Saved yashua.json in player_keys/
Saved HoNduH.json in player_keys/
Saved Beetlebomb.json in player_keys/
Saved Steve.json in player_keys/
Saved aaronsbarons.json in player_keys/
Saved astrocreep2000.json in player_keys/
Saved KenMll.json in player_keys/
Saved nathanll382.json in player_keys/
Saved Nitr0s0x.json in player_keys/
Saved Mars19.json in player_keys/
Saved Makaveli.json in player_keys/
Saved Limpan.json in player_keys/
Saved Bradley1968.json in player_keys/
Saved Raidden.json in player_keys/
Saved BigDaddy.json in player_keys/
Saved Romeo.json in player_keys/
Querying server: 108.61.119.170:27015
Saved CofCTV.json in player_keys/
Querying server: 74.91.114.206:27015
Saved TFPugsWESTHLTV.json in player_keys/
Querying server: 66.25.218.38:27015
Saved BoBtheServercom27021.json in player_keys/
Saved Pam.json in player_keys/
Saved MolotovCocktease.json in player_keys/
Saved Viper.json in player_keys/
Saved Highlander.json in player_keys/
Saved Pikachu.json in player_keys/
Saved TheMonarch.json in player_keys/
Saved WeeBabySeamus.json in player_keys/
Saved BrockSampson.json in player_keys/
Saved Kreiger.json in player_keys/
Saved Wrench.json in player_keys/
Saved Woodhouse.json in player_keys/
Saved DrVenture.json in player_keys/
Saved DrMrsTheMonarch.json in player_keys/
Saved DrEvil.json in player_keys/
Querying server: 68.232.160.177:27015
Querying server: 45.32.207.158:27015
Saved ParkRangersTeddyBear.json in player_keys/
Saved MintberrysRaspberries.json in player_keys/
Saved RENEGADE-623sTurncoat.json in player_keys/
Saved -iLluSiON--Delusion-.json in player_keys/
Saved Resdogscat.json in player_keys/
Saved FredsStinkyVegetables.json in player_keys/
Querying server: 45.32.203.198:27035
Saved MovieSkeleton.json in player_keys/
Saved NapoleonDynamo.json in player_keys/
Saved TheHackerReddChanit.json in player_keys/
Saved MarioDismantlesYou.json in player_keys/
Saved funny_fungus.json in player_keys/
Saved TubGuy.json in player_keys/
Saved Grayson_Jant.json in player_keys/
Saved BigRobertsons.json in player_keys/
Querying server: 208.115.255.4:27015
Saved BoBtheServercom27020.json in player_keys/
Saved OtherBarry.json in player_keys/
Saved Barry.json in player_keys/
Saved Dean.json in player_keys/
Saved Pugsley.json in player_keys/
Saved Hank.json in player_keys/
Saved Cherrybomb.json in player_keys/
Saved Mallory.json in player_keys/
Saved Trinity.json in player_keys/
Saved Duchess.json in player_keys/
Saved DeathDog.json in player_keys/
Querying server: 192.169.81.179:27015
Saved MrMan.json in player_keys/
Saved LiLPimP.json in player_keys/
Saved Grubber.json in player_keys/
Saved FoxBotnet.json in player_keys/
Saved AntiHuman.json in player_keys/
Saved MoFugger.json in player_keys/
Saved Jose.json in player_keys/
Saved Dave.json in player_keys/
Saved PlayaHata.json in player_keys/
Saved Gordon.json in player_keys/
Saved Herb.json in player_keys/
Saved Bizitch.json in player_keys/
Saved DeadSurfer.json in player_keys/
Saved Martin.json in player_keys/
Querying server: 74.63.236.204:27015
Querying server: 63.143.56.124:27015
Saved Hey.json in player_keys/
Saved Jack.json in player_keys/
Saved Iam.json in player_keys/
Saved No.json in player_keys/
Querying server: 108.181.63.74:27019
Querying server: 74.91.113.234:27015
Querying server: 74.91.119.101:27015
Saved ESN.json in player_keys/
Saved BenDover.json in player_keys/
Saved HughGRection.json in player_keys/
Saved OliverCloseoff.json in player_keys/
Saved MikeHunt.json in player_keys/
Saved JackInoff.json in player_keys/
Saved CleeTorres.json in player_keys/
Saved Skuttlebot.json in player_keys/
Querying server: 74.91.122.11:27015
Querying server: 74.91.113.200:27015
Saved Rafkin.json in player_keys/
Saved Triolo.json in player_keys/
Saved Harnna.json in player_keys/
Saved Blackthorn.json in player_keys/
Saved Marcy.json in player_keys/
Saved Spectre.json in player_keys/
Saved Maxwell.json in player_keys/
Saved Delphynia.json in player_keys/
Saved Jaana.json in player_keys/
Saved Zulith.json in player_keys/
Querying server: 192.223.26.238:27001
Querying server: 74.91.119.150:27015
Saved Molly.json in player_keys/
Saved Dex.json in player_keys/
Saved ironman.json in player_keys/
Saved Spock.json in player_keys/
Saved Scotty.json in player_keys/
Saved CyberCop.json in player_keys/
Saved Kane.json in player_keys/
Saved Kangaka.json in player_keys/
Saved Angi3.json in player_keys/
Saved JohnWick.json in player_keys/
Querying server: 74.91.115.161:27015
Querying server: 72.133.96.85:27017
Saved --OsiriS.json in player_keys/
Saved dub.json in player_keys/
Saved TheDuke.json in player_keys/
Saved AGOODCHODEISAHEAVYCHODE.json in player_keys/
Saved Nuggs.json in player_keys/
Saved KRAMMITE.json in player_keys/
Saved GFI_Plumber.json in player_keys/
Saved TheFreshmanofBelAir.json in player_keys/
Saved ThatEngineeringGuy.json in player_keys/
Saved jenni-c-90.json in player_keys/
Saved jormie.json in player_keys/
Saved Classic.json in player_keys/
Saved Twitty.json in player_keys/
Saved cha0s.json in player_keys/
Saved Patreoncom1999TFC.json in player_keys/
Querying server: 24.166.16.145:27022
Querying server: 205.196.43.194:27050
Saved Veteran.json in player_keys/
Saved General.json in player_keys/
Saved NCO.json in player_keys/
Saved Enlisted.json in player_keys/
Querying server: 142.44.148.157:53000
Saved hellohltv.json in player_keys/
Querying server: 92.119.129.204:27016
Querying server: 34.206.24.63:27015
Saved Steave.json in player_keys/
Saved AOL.json in player_keys/
Saved Austin.json in player_keys/
Saved Cheese.json in player_keys/
Saved Medic.json in player_keys/
Saved Cardinal.json in player_keys/
Saved SmellULater.json in player_keys/
Saved Glenn.json in player_keys/
Querying server: 172.233.224.83:27016
Querying server: 44.202.103.140:27015
Saved FFL-TV.json in player_keys/
Querying server: 129.158.218.251:27015
Saved InhouseHLTV.json in player_keys/
Querying server: 69.251.134.183:27017
Saved SuisoBakudan.json in player_keys/
Saved AoiKitsune.json in player_keys/
Saved UncleWangchung.json in player_keys/
Saved Oni.json in player_keys/
Saved ZurajanaiKatsura.json in player_keys/
Saved Kuroneko.json in player_keys/
Saved Mac.json in player_keys/
Saved Tamerlane.json in player_keys/
Saved Sonic.json in player_keys/
Saved Noobcaek.json in player_keys/
Saved ZurajanaiZurako.json in player_keys/
Saved HiddenPower.json in player_keys/
Saved Nineball.json in player_keys/
Saved Zurajanaiillsmithdesu.json in player_keys/
Saved WinMESux.json in player_keys/
Saved Barbarossa.json in player_keys/
Saved 8237.json in player_keys/
Saved Onyx.json in player_keys/
Saved Arclite.json in player_keys/
Saved Mustang.json in player_keys/
Saved Augustus.json in player_keys/
Saved Goldie.json in player_keys/
Saved DSignal.json in player_keys/
Saved Spiteful.json in player_keys/
Querying server: 50.116.59.192:27020
Querying server: 23.148.232.35:27285
Querying server: 104.207.129.123:27015
Querying server: 172.93.101.194:27015
Querying server: 69.10.36.10:28015
Querying server: 64.31.28.179:27015
Saved Bruno.json in player_keys/
Saved Phalanx.json in player_keys/
Saved AR.json in player_keys/
Saved RiFFRaFF.json in player_keys/
Saved Jehster.json in player_keys/
Saved DePo.json in player_keys/
Saved MighTy.json in player_keys/
Saved SheDevil.json in player_keys/
Saved Nimda.json in player_keys/
Saved -X-.json in player_keys/
Saved Avenger.json in player_keys/
Saved PaRallax.json in player_keys/
Saved eve.json in player_keys/
Saved What.json in player_keys/
Saved SF49ers.json in player_keys/
Saved Merrick.json in player_keys/
Saved Playa.json in player_keys/
Saved JesseJames.json in player_keys/
Saved rainniiiiiieeeee.json in player_keys/
Saved Botnamedkid.json in player_keys/
Saved OsamaBeenLaggin.json in player_keys/
Saved maneatingrocks.json in player_keys/
Saved IIIIIIIIIIIIIIIIIIIHHHHHHHHHH.json in player_keys/
Saved light.json in player_keys/
Saved smile.json in player_keys/
Saved b.json in player_keys/
Saved AlmightyLordPercocet.json in player_keys/
Saved BCw0maniz3r.json in player_keys/
Saved Sandrito.json in player_keys/
Saved El_WaGGy.json in player_keys/
Saved JasonDesu.json in player_keys/
Saved TFPugsEASTHLTV.json in player_keys/
Querying server: 64.31.28.157:27025
Querying server: 64.31.28.203:27015
Saved TFPugsEAST2HLTV.json in player_keys/
Querying server: 74.91.123.162:27015
Querying server: 74.91.123.34:27015
Querying server: 192.223.24.233:27015
Querying server: 74.91.116.214:27015
Saved twitchtvgamewatchparty.json in player_keys/
Saved Danimal.json in player_keys/
Saved SGBTD.json in player_keys/
Saved TFPugsEASTNYCHLTV.json in player_keys/
Querying server: 73.100.25.174:27015
Saved Reloaded-HLTV.json in player_keys/
Saved Reloaded-Staff.json in player_keys/
Saved Laranjo.json in player_keys/
Saved G-Man.json in player_keys/
Saved Mario.json in player_keys/
Saved MasterChief.json in player_keys/
Saved QuestionMarkBlock.json in player_keys/
Saved MichaelRomeo.json in player_keys/
Saved DukeNukem.json in player_keys/
Saved NintendoHater.json in player_keys/
Saved JackSkellington.json in player_keys/
Saved DaleCooper.json in player_keys/
Saved MSNMessenger.json in player_keys/
Saved WayneCampbell.json in player_keys/
Querying server: 167.88.44.161:27015
Querying server: 38.40.74.41:27020
Saved Headless.json in player_keys/
Saved GreenShield.json in player_keys/
Saved Pressure.json in player_keys/
Saved Ruffy.json in player_keys/
Saved Pock.json in player_keys/
Saved -Ns-Moogle.json in player_keys/
Saved BigBreadwinnerHog.json in player_keys/
Saved MrBigglesworth.json in player_keys/
Saved Rockhopper.json in player_keys/
Saved ElliottBROOD.json in player_keys/
Saved Pelushi.json in player_keys/
Saved DonViper.json in player_keys/
Saved javito.json in player_keys/
Saved tanyathehairycircusgirlLLC.json in player_keys/
Saved Fred.json in player_keys/
Saved WildKarrde.json in player_keys/
Saved Death.json in player_keys/
Saved bk.json in player_keys/
Saved DreadPirateRoberts.json in player_keys/
Saved DeadShort.json in player_keys/
Saved MrWonderful.json in player_keys/
Saved RealMuthaphuckkinGs.json in player_keys/
Saved LoafeR.json in player_keys/
Saved elfpoo.json in player_keys/
Saved xero.json in player_keys/
Saved beardogg.json in player_keys/
Saved D2F-HLTV.json in player_keys/
Querying server: 45.77.162.42:27015
Querying server: 178.32.3.3:27013
Saved Victim.json in player_keys/
Saved Jeff.json in player_keys/
Saved Mike.json in player_keys/
Saved Richard.json in player_keys/
Saved Wade.json in player_keys/
Saved Percy.json in player_keys/
Saved Chris.json in player_keys/
Saved Samuel.json in player_keys/
Saved Eddie.json in player_keys/
Saved Melvin.json in player_keys/
Saved Kevin.json in player_keys/
Saved MaTTy.json in player_keys/
Saved Gibbs.json in player_keys/
Saved Smett.json in player_keys/
Saved jhood.json in player_keys/
Saved PV-XR.json in player_keys/
Saved Dawn.json in player_keys/
Saved Dragonair.json in player_keys/
Saved wolfeet1337.json in player_keys/
Saved tiffler-XR.json in player_keys/
Saved C69420.json in player_keys/
Saved n00b_h8ter.json in player_keys/
Saved USuck.json in player_keys/
Saved Alfonzo.json in player_keys/
Saved Rosco.json in player_keys/
Saved Stimpy.json in player_keys/
Saved Kenny.json in player_keys/
Saved Dotcom.json in player_keys/
Saved Brit.json in player_keys/
Querying server: 192.248.163.247:27020
Querying server: 82.165.193.67:27015
Querying server: 145.239.6.180:27000
Querying server: 51.195.252.162:27015
Saved HenryII.json in player_keys/
Saved DenzilHolles.json in player_keys/
Saved ThomasBecket.json in player_keys/
Saved HenryIV.json in player_keys/
Saved ArthurHaselrig.json in player_keys/
Saved JeandeMetz.json in player_keys/
Saved SimondeMontfort.json in player_keys/
Saved LouisIX.json in player_keys/
Saved PeterAbelard.json in player_keys/
Saved JohnPym.json in player_keys/
Saved PhiliptheFair.json in player_keys/
Saved FrederickBarbarossa.json in player_keys/
Saved EleanorofAquitaine.json in player_keys/
Saved ManuelBoutoumites.json in player_keys/
Saved BishopAdhemar.json in player_keys/
Querying server: 88.97.252.184:27015
Querying server: 145.239.6.111:27050
Saved Cartman.json in player_keys/
Saved Kyle.json in player_keys/
Saved Stan.json in player_keys/
Saved Jimbo.json in player_keys/
Saved Ned.json in player_keys/
Saved Butters.json in player_keys/
Saved Tweak.json in player_keys/
Saved Timmy.json in player_keys/
Saved Mr_Garrison.json in player_keys/
Saved Mr_Hat.json in player_keys/
Saved Mr_Twig.json in player_keys/
Saved Mr_Mackey.json in player_keys/
Saved Clyde.json in player_keys/
Saved Mr_Slave.json in player_keys/
Saved Jimmy.json in player_keys/
Querying server: 5.196.63.134:27015
Saved TFPugsSOUTHEASTHLTV.json in player_keys/
Querying server: 90.110.222.80:27016
Saved Curtis.json in player_keys/
Saved 133t_Ha0r.json in player_keys/
Saved SPACEY.json in player_keys/
Saved TFCRBotnet.json in player_keys/
Querying server: 188.165.244.220:27030
Saved WORLDSbestskillServertv.json in player_keys/
Saved JuliuS_CaesaR.json in player_keys/
Saved chinodechina.json in player_keys/
Querying server: 194.163.156.183:27015
Querying server: 217.160.162.135:27019
Querying server: 79.207.101.159:27017
Saved Angron.json in player_keys/
Querying server: 4.185.106.208:27115
Saved RoystonVaseyTV.json in player_keys/
Saved MrChinnery.json in player_keys/
Saved David.json in player_keys/
Querying server: 89.36.216.8:27017
Saved ElLobstero.json in player_keys/
Saved CheatsRGay.json in player_keys/
Saved Ian.json in player_keys/
Saved YoMama.json in player_keys/
Querying server: 116.202.113.50:27117
Saved Carly.json in player_keys/
Saved FuzzyBunny.json in player_keys/
Saved WinME.json in player_keys/
Saved Spanka.json in player_keys/
Querying server: 94.130.132.169:27079
Querying server: 136.243.174.101:27216
Querying server: 116.202.113.54:27051
Saved TVS.json in player_keys/
Saved M0rph1n3.json in player_keys/
Saved John_McClane.json in player_keys/
Saved SAS_Commando.json in player_keys/
Saved Seven_of_Nine.json in player_keys/
Saved Titan.json in player_keys/
Saved Barry_Gibb.json in player_keys/
Saved Frank_Drebin.json in player_keys/
Saved HeadShot.json in player_keys/
Saved SWAT-Kats.json in player_keys/
Saved Cain.json in player_keys/
Querying server: 213.133.103.125:27185
Saved ElonMusk.json in player_keys/
Saved Doge1.json in player_keys/
Saved Doge5.json in player_keys/
Saved Doge2.json in player_keys/
Saved Doge6.json in player_keys/
Saved Doge3.json in player_keys/
Saved Doge7.json in player_keys/
Saved Doge4.json in player_keys/
Saved Doge8.json in player_keys/
Querying server: 89.179.240.119:27065
Saved mtndewgamr_420.json in player_keys/
Saved ureX.json in player_keys/
Saved dedyl9D.json in player_keys/
Saved RoseWolfEX.json in player_keys/
Saved static.json in player_keys/
Saved Fuckingdoit.json in player_keys/
Saved SOBOx.json in player_keys/
Saved RuSlanKZ.json in player_keys/
Saved popkorn.json in player_keys/
Saved Exclusive_player.json in player_keys/
Saved HeroIN.json in player_keys/
Saved DiMkA_LaGeR.json in player_keys/
Querying server: 70.34.244.247:27915
Querying server: 220.130.108.125:27012
Querying server: 181.192.79.104:27024
Querying server: 121.99.240.213:27018
Querying server: 51.161.212.218:27020
Querying server: 13.236.204.222:27016
Querying server: 202.169.104.136:43216
Querying server: 169.254.194.71:26368
Saved tibu.json in player_keys/
Querying server: 169.254.84.107:42640
Saved LMFCrow.json in player_keys/
Saved LMFSpeedFire.json in player_keys/
Saved -GY-Godman.json in player_keys/
Saved LMFEve.json in player_keys/
Saved -GY-Mooneyes.json in player_keys/
Saved LMFRaptor.json in player_keys/
Saved LMFPenny.json in player_keys/
Saved -GY-MatsuTakako.json in player_keys/
Saved LMFLung.json in player_keys/
Saved LMFDYNASTY.json in player_keys/
Saved LMFProtoss.json in player_keys/
Saved LMFBueBueMn.json in player_keys/
Saved LMFT.json in player_keys/
Saved LMF87speed.json in player_keys/
Saved -GY-DontkillmelaQ_Q.json in player_keys/
Saved LMFspeed-fire_.json in player_keys/
Saved LMFDenny.json in player_keys/
Saved LMFGGLONG.json in player_keys/
Saved LMFCOLAsLOVER.json in player_keys/
Saved LMFLouwbas.json in player_keys/
Querying server: 169.254.150.40:31904
Saved Earp.json in player_keys/
Saved geniousatwork.json in player_keys/
Saved HamandEggs.json in player_keys/
Saved Glenis.json in player_keys/
Saved Chickenlegs.json in player_keys/
Saved Caleb.json in player_keys/
Saved mRbr0wN.json in player_keys/
Failed to query server at 76.195.132.49:25590: timed out
Failed to query server at 73.100.25.174:27015: timed out
Failed to query server at 79.207.101.159:27017: timed out
Failed to query server at 169.254.194.71:26368: timed out
Failed to query server at 169.254.84.107:42640: timed out
Failed to query server at 169.254.150.40:31904: timed out

All player data has been saved individually in the player_keys/ folder.
2025-01-23 16:40:39 - 2_scraper2.py executed successfully.
2025-01-23 16:40:39 - Executing 3_test_fancoin.py...
Traceback (most recent call last):
  File "/home/devuan/Desktop/dev/Solana_Dev/fancoin/scripts/3_test_fancoin.py", line 373, in main
    validator_pda = await register_validator_pda(
                    ^^^^^^^^^^^^^^^^^^^^^^^^^^^^^
  File "/home/devuan/Desktop/dev/Solana_Dev/fancoin/scripts/3_test_fancoin.py", line 182, in register_validator_pda
    "rent": RENT_SYSVAR_ID,
            ^^^^^^^^^^^^^^
NameError: name 'RENT_SYSVAR_ID' is not defined
Setting up provider and loading program...
Program loaded successfully.
Initializing DApp account...
DApp PDA: pgR7gQmWjRC99twVwnB2v51iUPVne6gGVt6wQNv1NWD, Bump: 254
DApp initialized successfully. Transaction Signature: 2GsQNGzxNyCnW6CwhKQpMy1KKYvBrZ9iHMG8vEzczHKbYWWxCeCGBS4rQBBALjeeWZQPgLtUtxdkHkYRQ6kdFq1x

Initializing Mint for DApp...
InitializeMint => Transaction Signature: X4S62a3MQjCbXGaaigAfNDfotczzJgjRNS7sPZpoWrSXZGLe6WNRoKdjfrH3Hkx5dT9HYQGXJfAdTdzBXQenMTZ
The variable has been written to output.txt

Initializing Game account...
Game PDA: 3vEkrbp9HCRPs1YMWeb3mk3sRa3EZKv4gCjXNyuW6cNe, Bump: 255
Game initialized successfully. Transaction Signature: y7GNtJhkgmf54525yEcZjgDfgbDCiomsh3tfQXy8YziHuFKnXpqeY3biHAtvpMnebWt3zk4Eyzz2x2EjRst41KA

Registering a new Validator PDA (user-based seeds)...
[DEBUG] Derived validator_pda = AeyppVe3FdjDpiF9HtBTiDdWXCfZ6qjyfGDNcTSL3zFF
[DEBUG] Derived validator ATA: BSTskAHTDUNpecgCYDuNefJCKnJzbJx3KsvGabdkBv7i
An unexpected error occurred.
name 'RENT_SYSVAR_ID' is not defined
Closed Solana RPC client.
2025-01-23 16:40:41 - 3_test_fancoin.py executed successfully.
2025-01-23 16:40:41 - Executing 4_test_fancoin_2.py...
Traceback (most recent call last):
  File "/home/devuan/Desktop/dev/Solana_Dev/fancoin/scripts/4_test_fancoin_2.py", line 355, in main
    validator_pda = await register_validator_pda(program, client, game_pda, game_number, validator_kp)
                    ^^^^^^^^^^^^^^^^^^^^^^^^^^^^^^^^^^^^^^^^^^^^^^^^^^^^^^^^^^^^^^^^^^^^^^^^^^^^^^^^^^
  File "/home/devuan/Desktop/dev/Solana_Dev/fancoin/scripts/4_test_fancoin_2.py", line 165, in register_validator_pda
    tx_sig = await program.rpc["register_validator_pda"](
             ^^^^^^^^^^^^^^^^^^^^^^^^^^^^^^^^^^^^^^^^^^^^
  File "/home/devuan/Desktop/dev/Solana_Dev/venv2/lib/python3.11/site-packages/anchorpy/program/namespace/rpc.py", line 58, in rpc_fn
    tx = tx_fn(
         ^^^^^^
  File "/home/devuan/Desktop/dev/Solana_Dev/venv2/lib/python3.11/site-packages/anchorpy/program/namespace/transaction.py", line 56, in tx_fn
    ixns.append(ix_fn(*args, ctx=ctx))
                ^^^^^^^^^^^^^^^^^^^^^
  File "/home/devuan/Desktop/dev/Solana_Dev/venv2/lib/python3.11/site-packages/anchorpy/program/namespace/instruction.py", line 64, in __call__
    validate_accounts(self.idl_ix.accounts, ctx.accounts)
  File "/home/devuan/Desktop/dev/Solana_Dev/venv2/lib/python3.11/site-packages/anchorpy/program/common.py", line 76, in validate_accounts
    raise ValueError(f"Invalid arguments: {acc_name} not provided")
ValueError: Invalid arguments: fancy_mint not provided
Setting up provider and loading program...
Program loaded successfully.
Initializing DApp account...
DApp PDA: pgR7gQmWjRC99twVwnB2v51iUPVne6gGVt6wQNv1NWD, Bump: 254
DApp account already exists. Skipping initialization.

Initializing Mint for DApp...
Mint + MintAuthority accounts already exist; skipping.
The variable has been written to output.txt

Initializing Game account...
Game PDA: 3vEkrbp9HCRPs1YMWeb3mk3sRa3EZKv4gCjXNyuW6cNe, Bump: 255
Game account already exists. Skipping initialization.

Registering a new Validator PDA (user-based seeds)...
[DEBUG] Derived validator_pda = 4HqsDmzs9re4abxJ2DrCsRvAFSsNZufe5bzQ95ayaSWn, Bump = 251
An unexpected error occurred.
Invalid arguments: fancy_mint not provided
Closed Solana RPC client.
2025-01-23 16:40:42 - 4_test_fancoin_2.py executed successfully.
2025-01-23 16:40:42 - Executing punch_in.py...
Traceback (most recent call last):
  File "/home/devuan/Desktop/dev/Solana_Dev/venv2/lib/python3.11/site-packages/anchorpy/program/namespace/rpc.py", line 63, in rpc_fn
    return await provider.send(tx, ctx.options)
           ^^^^^^^^^^^^^^^^^^^^^^^^^^^^^^^^^^^^
  File "/home/devuan/Desktop/dev/Solana_Dev/venv2/lib/python3.11/site-packages/anchorpy/provider.py", line 122, in send
    resp = await self.connection.send_raw_transaction(raw, opts=opts)
           ^^^^^^^^^^^^^^^^^^^^^^^^^^^^^^^^^^^^^^^^^^^^^^^^^^^^^^^^^^
  File "/home/devuan/Desktop/dev/Solana_Dev/venv2/lib/python3.11/site-packages/solana/rpc/async_api.py", line 1012, in send_raw_transaction
    resp = await self._provider.make_request(body, SendTransactionResp)
           ^^^^^^^^^^^^^^^^^^^^^^^^^^^^^^^^^^^^^^^^^^^^^^^^^^^^^^^^^^^^
  File "/home/devuan/Desktop/dev/Solana_Dev/venv2/lib/python3.11/site-packages/solana/exceptions.py", line 60, in argument_decorator
    return await func(*args, **kwargs)
           ^^^^^^^^^^^^^^^^^^^^^^^^^^^
  File "/home/devuan/Desktop/dev/Solana_Dev/venv2/lib/python3.11/site-packages/solana/rpc/providers/async_http.py", line 60, in make_request
    return _parse_raw(raw, parser=parser)
           ^^^^^^^^^^^^^^^^^^^^^^^^^^^^^^
  File "/home/devuan/Desktop/dev/Solana_Dev/venv2/lib/python3.11/site-packages/solana/rpc/providers/core.py", line 98, in _parse_raw
    raise RPCException(parsed)
solana.rpc.core.RPCException: SendTransactionPreflightFailureMessage { message: "Transaction simulation failed: Error processing Instruction 0: custom program error: 0xbc4", data: RpcSimulateTransactionResult(RpcSimulateTransactionResult { err: Some(InstructionError(0, Custom(3012))), logs: Some(["Program HP9ucKGU9Sad7EaWjrGULC2ZSyYD1ScxVPh15QmdRmut invoke [1]", "Program log: Instruction: PunchIn", "Program log: AnchorError caused by account: validator_pda. Error Code: AccountNotInitialized. Error Number: 3012. Error Message: The program expected this account to be already initialized.", "Program HP9ucKGU9Sad7EaWjrGULC2ZSyYD1ScxVPh15QmdRmut consumed 4947 of 200000 compute units", "Program HP9ucKGU9Sad7EaWjrGULC2ZSyYD1ScxVPh15QmdRmut failed: custom program error: 0xbc4"]), accounts: None, units_consumed: Some(4947), return_data: None, inner_instructions: None }) }

The above exception was the direct cause of the following exception:

Traceback (most recent call last):
  File "/home/devuan/Desktop/dev/Solana_Dev/fancoin/scripts/punch_in.py", line 35, in punch_in
    tx = await program.rpc["punch_in"](
         ^^^^^^^^^^^^^^^^^^^^^^^^^^^^^^
  File "/home/devuan/Desktop/dev/Solana_Dev/venv2/lib/python3.11/site-packages/anchorpy/program/namespace/rpc.py", line 68, in rpc_fn
    raise translated_err from e
anchorpy.error.ProgramError: 3012: The program expected this account to be already initialized
Program loaded successfully.
Game PDA => 3vEkrbp9HCRPs1YMWeb3mk3sRa3EZKv4gCjXNyuW6cNe
Validator PDA => AeyppVe3FdjDpiF9HtBTiDdWXCfZ6qjyfGDNcTSL3zFF

Punching In as Validator...
[ERROR] Unexpected punch_in error: 3012: The program expected this account to be already initialized
Closed Solana RPC client.
2025-01-23 16:40:42 - punch_in.py executed successfully.
2025-01-23 16:40:42 - Executing punch_in2.py...
Traceback (most recent call last):
  File "/home/devuan/Desktop/dev/Solana_Dev/venv2/lib/python3.11/site-packages/anchorpy/program/namespace/rpc.py", line 63, in rpc_fn
    return await provider.send(tx, ctx.options)
           ^^^^^^^^^^^^^^^^^^^^^^^^^^^^^^^^^^^^
  File "/home/devuan/Desktop/dev/Solana_Dev/venv2/lib/python3.11/site-packages/anchorpy/provider.py", line 122, in send
    resp = await self.connection.send_raw_transaction(raw, opts=opts)
           ^^^^^^^^^^^^^^^^^^^^^^^^^^^^^^^^^^^^^^^^^^^^^^^^^^^^^^^^^^
  File "/home/devuan/Desktop/dev/Solana_Dev/venv2/lib/python3.11/site-packages/solana/rpc/async_api.py", line 1012, in send_raw_transaction
    resp = await self._provider.make_request(body, SendTransactionResp)
           ^^^^^^^^^^^^^^^^^^^^^^^^^^^^^^^^^^^^^^^^^^^^^^^^^^^^^^^^^^^^
  File "/home/devuan/Desktop/dev/Solana_Dev/venv2/lib/python3.11/site-packages/solana/exceptions.py", line 60, in argument_decorator
    return await func(*args, **kwargs)
           ^^^^^^^^^^^^^^^^^^^^^^^^^^^
  File "/home/devuan/Desktop/dev/Solana_Dev/venv2/lib/python3.11/site-packages/solana/rpc/providers/async_http.py", line 60, in make_request
    return _parse_raw(raw, parser=parser)
           ^^^^^^^^^^^^^^^^^^^^^^^^^^^^^^
  File "/home/devuan/Desktop/dev/Solana_Dev/venv2/lib/python3.11/site-packages/solana/rpc/providers/core.py", line 98, in _parse_raw
    raise RPCException(parsed)
solana.rpc.core.RPCException: SendTransactionPreflightFailureMessage { message: "Transaction simulation failed: Error processing Instruction 0: custom program error: 0xbc4", data: RpcSimulateTransactionResult(RpcSimulateTransactionResult { err: Some(InstructionError(0, Custom(3012))), logs: Some(["Program HP9ucKGU9Sad7EaWjrGULC2ZSyYD1ScxVPh15QmdRmut invoke [1]", "Program log: Instruction: PunchIn", "Program log: AnchorError caused by account: validator_pda. Error Code: AccountNotInitialized. Error Number: 3012. Error Message: The program expected this account to be already initialized.", "Program HP9ucKGU9Sad7EaWjrGULC2ZSyYD1ScxVPh15QmdRmut consumed 4947 of 200000 compute units", "Program HP9ucKGU9Sad7EaWjrGULC2ZSyYD1ScxVPh15QmdRmut failed: custom program error: 0xbc4"]), accounts: None, units_consumed: Some(4947), return_data: None, inner_instructions: None }) }

The above exception was the direct cause of the following exception:

Traceback (most recent call last):
  File "/home/devuan/Desktop/dev/Solana_Dev/fancoin/scripts/punch_in2.py", line 35, in punch_in
    tx = await program.rpc["punch_in"](
         ^^^^^^^^^^^^^^^^^^^^^^^^^^^^^^
  File "/home/devuan/Desktop/dev/Solana_Dev/venv2/lib/python3.11/site-packages/anchorpy/program/namespace/rpc.py", line 68, in rpc_fn
    raise translated_err from e
anchorpy.error.ProgramError: 3012: The program expected this account to be already initialized
Program loaded successfully.
Game PDA => 3vEkrbp9HCRPs1YMWeb3mk3sRa3EZKv4gCjXNyuW6cNe
Validator PDA => 4HqsDmzs9re4abxJ2DrCsRvAFSsNZufe5bzQ95ayaSWn

Punching In as Validator...
[ERROR] Unexpected punch_in error: 3012: The program expected this account to be already initialized
Closed Solana RPC client.
2025-01-23 16:40:43 - punch_in2.py executed successfully.
2025-01-23 16:40:43 - Executing bulk_register_players.py...
